2024-09-23 15:30:54,450 - Websocket connected
2024-09-23 15:31:14,341 - Error: 
2024-09-23 15:31:14,343 - error from callback <function OnecommeAdapter.run_websocket.<locals>.<lambda> at 0x00000153DF396680>: OnecommeAdapter.run_websocket.<locals>.<lambda>() takes 1 positional argument but 3 were given
2024-09-23 15:31:14,344 - Error: OnecommeAdapter.run_websocket.<locals>.<lambda>() takes 1 positional argument but 3 were given
2024-09-23 15:31:14,344 - tearing down on exception 
2024-09-23 15:31:44,434 - Websocket connected
2024-09-23 15:35:07,462 - Error: 
2024-09-23 15:35:07,473 - error from callback <function OnecommeAdapter.run_websocket.<locals>.<lambda> at 0x000001D7CFB66680>: OnecommeAdapter.run_websocket.<locals>.<lambda>() takes 1 positional argument but 3 were given
2024-09-23 15:35:07,474 - Error: OnecommeAdapter.run_websocket.<locals>.<lambda>() takes 1 positional argument but 3 were given
2024-09-23 15:35:07,475 - tearing down on exception 
2024-09-23 19:36:14,442 - Websocket connected
2024-09-23 19:37:57,928 - Listener, Comment: ASA | dtmchannel, ‚±‚É‚¿‚Í
2024-09-23 19:40:18,967 - Error: 
2024-09-23 19:40:18,968 - error from callback <function OnecommeAdapter.run_websocket.<locals>.<lambda> at 0x0000024A642E6680>: OnecommeAdapter.run_websocket.<locals>.<lambda>() takes 1 positional argument but 3 were given
2024-09-23 19:40:18,968 - Error: OnecommeAdapter.run_websocket.<locals>.<lambda>() takes 1 positional argument but 3 were given
2024-09-23 19:40:18,968 - tearing down on exception 
2024-09-23 21:06:41,849 - Websocket connected
2024-09-23 21:06:51,867 - Error: 
2024-09-23 21:06:51,868 - error from callback <function OnecommeAdapter.run_websocket.<locals>.<lambda> at 0x00000288CE6F6680>: OnecommeAdapter.run_websocket.<locals>.<lambda>() takes 1 positional argument but 3 were given
2024-09-23 21:06:51,868 - Error: OnecommeAdapter.run_websocket.<locals>.<lambda>() takes 1 positional argument but 3 were given
2024-09-23 21:06:51,868 - tearing down on exception 
2024-09-23 21:33:15,343 - Websocket connected
2024-09-23 21:46:24,902 - Websocket connected
